[
  {
    "level": "INFO",
    "message": "android.ndkVersion from module build.gradle is 21.1.6352462"
  },
  {
    "level": "INFO",
    "message": "ndk.dir in local.properties is not set"
  },
  {
    "level": "INFO",
    "message": "ANDROID_NDK_HOME environment variable is not set"
  },
  {
    "level": "INFO",
    "message": "sdkFolder is D:\\AndroidSDK"
  },
  {
    "level": "INFO",
    "message": "Considering D:\\AndroidSDK\\ndk-bundle in SDK ndk-bundle folder"
  },
  {
    "level": "INFO",
    "message": "Considering D:\\AndroidSDK\\ndk\\android-ndk-r19 in SDK ndk folder"
  },
  {
    "level": "INFO",
    "message": "Rejected D:\\AndroidSDK\\ndk\\android-ndk-r19 in SDK ndk folder because that NDK had version 19.0.5232133 which didn\u0027t match the requested version 21.1.6352462"
  },
  {
    "level": "INFO",
    "message": "Rejected D:\\AndroidSDK\\ndk-bundle in SDK ndk-bundle folder because that NDK had version 20.0.5594570 which didn\u0027t match the requested version 21.1.6352462"
  },
  {
    "level": "ERROR",
    "message": "No version of NDK matched the requested version 21.1.6352462. Versions available locally: 19.0.5232133, 20.0.5594570"
  }
]