[
  {
    "level": "INFO",
    "message": "android.ndkVersion from module build.gradle is 21.1.6352462"
  },
  {
    "level": "INFO",
    "message": "ndk.dir in local.properties is not set"
  },
  {
    "level": "INFO",
    "message": "ANDROID_NDK_HOME environment variable is not set"
  },
  {
    "level": "INFO",
    "message": "sdkFolder is D:\\AndroidSDK"
  },
  {
    "level": "INFO",
    "message": "Considering D:\\AndroidSDK\\ndk-bundle in SDK ndk-bundle folder"
  },
  {
    "level": "INFO",
    "message": "Considering D:\\AndroidSDK\\ndk\\21.1.6352462 in SDK ndk folder"
  },
  {
    "level": "INFO",
    "message": "Considering D:\\AndroidSDK\\ndk\\android-ndk-r19 in SDK ndk folder"
  },
  {
    "level": "INFO",
    "message": "Found requested NDK version 21.1.6352462 at D:\\AndroidSDK\\ndk\\21.1.6352462"
  }
]